This file contains any messages produced by compilers while
running configure, to aid debugging if configure makes a mistake.

It was created by Hello World configure 1.1, which was
generated by GNU Autoconf 2.69.  Invocation command line was

  $ ./configure 

## --------- ##
## Platform. ##
## --------- ##

hostname = ARCH-ACER
uname -m = x86_64
uname -r = 3.13.7-1-ck
uname -s = Linux
uname -v = #1 SMP PREEMPT Mon Mar 24 05:10:40 EDT 2014

/usr/bin/uname -p = unknown
/bin/uname -X     = unknown

/bin/arch              = unknown
/usr/bin/arch -k       = unknown
/usr/convex/getsysinfo = unknown
/usr/bin/hostinfo      = unknown
/bin/machine           = unknown
/usr/bin/oslevel       = unknown
/bin/universe          = unknown

PATH: /home/ernest/.rvm/gems/ruby-2.1.1/bin
PATH: /home/ernest/.rvm/gems/ruby-2.1.1@global/bin
PATH: /home/ernest/.rvm/rubies/ruby-2.1.1/bin
PATH: /home/ernest/.gem/ruby/2.0.0/bin
PATH: /usr/local/sbin
PATH: /usr/local/bin
PATH: /usr/bin
PATH: /opt/android-sdk/tools
PATH: /usr/bin/vendor_perl
PATH: /usr/bin/core_perl
PATH: /home/ernest/.rvm/bin
PATH: /home/ernest/.rvm/bin


## ----------- ##
## Core tests. ##
## ----------- ##

configure:1906: checking for a BSD-compatible install
configure:1974: result: /usr/bin/install -c
configure:1985: checking whether build environment is sane
configure:2040: result: yes
configure:2191: checking for a thread-safe mkdir -p
configure:2230: result: /usr/bin/mkdir -p
configure:2237: checking for gawk
configure:2253: found /usr/bin/gawk
configure:2264: result: gawk
configure:2275: checking whether make sets $(MAKE)
configure:2297: result: yes
configure:2326: checking whether make supports nested variables
configure:2343: result: yes
configure:2507: checking for gcc
configure:2523: found /usr/bin/gcc
configure:2534: result: gcc
configure:2763: checking for C compiler version
configure:2772: gcc --version >&5
gcc (GCC) 4.8.2 20140206 (prerelease)
Copyright (C) 2013 Free Software Foundation, Inc.
This is free software; see the source for copying conditions.  There is NO
warranty; not even for MERCHANTABILITY or FITNESS FOR A PARTICULAR PURPOSE.

configure:2783: $? = 0
configure:2772: gcc -v >&5
Using built-in specs.
COLLECT_GCC=gcc
COLLECT_LTO_WRAPPER=/usr/lib/gcc/x86_64-unknown-linux-gnu/4.8.2/lto-wrapper
Target: x86_64-unknown-linux-gnu
Configured with: /build/gcc/src/gcc-4.8-20140206/configure --prefix=/usr --libdir=/usr/lib --libexecdir=/usr/lib --mandir=/usr/share/man --infodir=/usr/share/info --with-bugurl=https://bugs.archlinux.org/ --enable-languages=c,c++,ada,fortran,go,lto,objc,obj-c++ --enable-shared --enable-threads=posix --with-system-zlib --enable-__cxa_atexit --disable-libunwind-exceptions --enable-clocale=gnu --disable-libstdcxx-pch --disable-libssp --enable-gnu-unique-object --enable-linker-build-id --enable-cloog-backend=isl --disable-cloog-version-check --enable-lto --enable-plugin --enable-install-libiberty --with-linker-hash-style=gnu --disable-multilib --disable-werror --enable-checking=release
Thread model: posix
gcc version 4.8.2 20140206 (prerelease) (GCC) 
configure:2783: $? = 0
configure:2772: gcc -V >&5
gcc: error: unrecognized command line option '-V'
gcc: fatal error: no input files
compilation terminated.
configure:2783: $? = 1
configure:2772: gcc -qversion >&5
gcc: error: unrecognized command line option '-qversion'
gcc: fatal error: no input files
compilation terminated.
configure:2783: $? = 1
configure:2803: checking whether the C compiler works
configure:2825: gcc -march=x86-64 -mtune=generic -O2 -pipe -fstack-protector --param=ssp-buffer-size=4 -D_FORTIFY_SOURCE=2 -Wl,-O1,--sort-common,--as-needed,-z,relro conftest.c  >&5
configure:2829: $? = 0
configure:2877: result: yes
configure:2880: checking for C compiler default output file name
configure:2882: result: a.out
configure:2888: checking for suffix of executables
configure:2895: gcc -o conftest -march=x86-64 -mtune=generic -O2 -pipe -fstack-protector --param=ssp-buffer-size=4 -D_FORTIFY_SOURCE=2 -Wl,-O1,--sort-common,--as-needed,-z,relro conftest.c  >&5
configure:2899: $? = 0
configure:2921: result: 
configure:2943: checking whether we are cross compiling
configure:2951: gcc -o conftest -march=x86-64 -mtune=generic -O2 -pipe -fstack-protector --param=ssp-buffer-size=4 -D_FORTIFY_SOURCE=2 -Wl,-O1,--sort-common,--as-needed,-z,relro conftest.c  >&5
configure:2955: $? = 0
configure:2962: ./conftest
configure:2966: $? = 0
configure:2981: result: no
configure:2986: checking for suffix of object files
configure:3008: gcc -c -march=x86-64 -mtune=generic -O2 -pipe -fstack-protector --param=ssp-buffer-size=4 -D_FORTIFY_SOURCE=2 conftest.c >&5
configure:3012: $? = 0
configure:3033: result: o
configure:3037: checking whether we are using the GNU C compiler
configure:3056: gcc -c -march=x86-64 -mtune=generic -O2 -pipe -fstack-protector --param=ssp-buffer-size=4 -D_FORTIFY_SOURCE=2 conftest.c >&5
configure:3056: $? = 0
configure:3065: result: yes
configure:3074: checking whether gcc accepts -g
configure:3094: gcc -c -g -D_FORTIFY_SOURCE=2 conftest.c >&5
configure:3094: $? = 0
configure:3135: result: yes
configure:3152: checking for gcc option to accept ISO C89
configure:3215: gcc  -c -march=x86-64 -mtune=generic -O2 -pipe -fstack-protector --param=ssp-buffer-size=4 -D_FORTIFY_SOURCE=2 conftest.c >&5
configure:3215: $? = 0
configure:3228: result: none needed
configure:3253: checking whether gcc understands -c and -o together
configure:3275: gcc -c conftest.c -o conftest2.o
configure:3278: $? = 0
configure:3275: gcc -c conftest.c -o conftest2.o
configure:3278: $? = 0
configure:3290: result: yes
configure:3318: checking for style of include used by make
configure:3346: result: GNU
configure:3372: checking dependency style of gcc
configure:3483: result: gcc3
configure:3500: checking for valac
configure:3518: found /usr/bin/valac
configure:3531: result: /usr/bin/valac
configure:3540: checking whether /usr/bin/valac is at least version 0.22
configure:3548: result: yes
configure:3623: checking for pkg-config
configure:3641: found /usr/bin/pkg-config
configure:3653: result: /usr/bin/pkg-config
configure:3678: checking pkg-config is at least version 0.9.0
configure:3681: result: yes
configure:3691: checking for gtk
configure:3698: $PKG_CONFIG --exists --print-errors "gtk+-3.0"
configure:3701: $? = 0
configure:3715: $PKG_CONFIG --exists --print-errors "gtk+-3.0"
configure:3718: $? = 0
configure:3776: result: yes
configure:3928: checking that generated files are newer than configure
configure:3934: result: done
configure:3957: creating ./config.status

## ---------------------- ##
## Running config.status. ##
## ---------------------- ##

This file was extended by Hello World config.status 1.1, which was
generated by GNU Autoconf 2.69.  Invocation command line was

  CONFIG_FILES    = 
  CONFIG_HEADERS  = 
  CONFIG_LINKS    = 
  CONFIG_COMMANDS = 
  $ ./config.status 

on ARCH-ACER

config.status:782: creating plank-config.desktop
config.status:782: creating Makefile
config.status:954: executing depfiles commands

## ---------------- ##
## Cache variables. ##
## ---------------- ##

ac_cv_c_compiler_gnu=yes
ac_cv_env_CC_set=
ac_cv_env_CC_value=
ac_cv_env_CFLAGS_set=set
ac_cv_env_CFLAGS_value='-march=x86-64 -mtune=generic -O2 -pipe -fstack-protector --param=ssp-buffer-size=4'
ac_cv_env_CPPFLAGS_set=set
ac_cv_env_CPPFLAGS_value=-D_FORTIFY_SOURCE=2
ac_cv_env_LDFLAGS_set=set
ac_cv_env_LDFLAGS_value=-Wl,-O1,--sort-common,--as-needed,-z,relro
ac_cv_env_LIBS_set=
ac_cv_env_LIBS_value=
ac_cv_env_PKG_CONFIG_LIBDIR_set=
ac_cv_env_PKG_CONFIG_LIBDIR_value=
ac_cv_env_PKG_CONFIG_PATH_set=
ac_cv_env_PKG_CONFIG_PATH_value=
ac_cv_env_PKG_CONFIG_set=
ac_cv_env_PKG_CONFIG_value=
ac_cv_env_build_alias_set=
ac_cv_env_build_alias_value=
ac_cv_env_gtk_CFLAGS_set=
ac_cv_env_gtk_CFLAGS_value=
ac_cv_env_gtk_LIBS_set=
ac_cv_env_gtk_LIBS_value=
ac_cv_env_host_alias_set=
ac_cv_env_host_alias_value=
ac_cv_env_target_alias_set=
ac_cv_env_target_alias_value=
ac_cv_objext=o
ac_cv_path_VALAC=/usr/bin/valac
ac_cv_path_ac_pt_PKG_CONFIG=/usr/bin/pkg-config
ac_cv_path_install='/usr/bin/install -c'
ac_cv_path_mkdir=/usr/bin/mkdir
ac_cv_prog_AWK=gawk
ac_cv_prog_ac_ct_CC=gcc
ac_cv_prog_cc_c89=
ac_cv_prog_cc_g=yes
ac_cv_prog_make_make_set=yes
am_cv_CC_dependencies_compiler_type=gcc3
am_cv_make_support_nested_variables=yes
am_cv_prog_cc_c_o=yes
pkg_cv_gtk_CFLAGS='-pthread -I/usr/include/gtk-3.0 -I/usr/include/at-spi2-atk/2.0 -I/usr/include/gtk-3.0 -I/usr/include/gio-unix-2.0/ -I/usr/include/cairo -I/usr/include/pango-1.0 -I/usr/include/atk-1.0 -I/usr/include/cairo -I/usr/include/pixman-1 -I/usr/include/freetype2 -I/usr/include/libpng16 -I/usr/include/harfbuzz -I/usr/include/freetype2 -I/usr/include/harfbuzz -I/usr/include/libdrm -I/usr/include/libpng16 -I/usr/include/gdk-pixbuf-2.0 -I/usr/include/libpng16 -I/usr/include/glib-2.0 -I/usr/lib/glib-2.0/include '
pkg_cv_gtk_LIBS='-lgtk-3 -lgdk-3 -lpangocairo-1.0 -lpango-1.0 -latk-1.0 -lcairo-gobject -lcairo -lgdk_pixbuf-2.0 -lgio-2.0 -lgobject-2.0 -lglib-2.0 '

## ----------------- ##
## Output variables. ##
## ----------------- ##

ACLOCAL='${SHELL} /media/ernest/Datos/Dev/PKBUILD/Plank-Config/src/Plank-Config-1.1/missing aclocal-1.14'
AMDEPBACKSLASH='\'
AMDEP_FALSE='#'
AMDEP_TRUE=''
AMTAR='$${TAR-tar}'
AM_BACKSLASH='\'
AM_DEFAULT_V='$(AM_DEFAULT_VERBOSITY)'
AM_DEFAULT_VERBOSITY='1'
AM_V='$(V)'
AUTOCONF='${SHELL} /media/ernest/Datos/Dev/PKBUILD/Plank-Config/src/Plank-Config-1.1/missing autoconf'
AUTOHEADER='${SHELL} /media/ernest/Datos/Dev/PKBUILD/Plank-Config/src/Plank-Config-1.1/missing autoheader'
AUTOMAKE='${SHELL} /media/ernest/Datos/Dev/PKBUILD/Plank-Config/src/Plank-Config-1.1/missing automake-1.14'
AWK='gawk'
CC='gcc'
CCDEPMODE='depmode=gcc3'
CFLAGS='-march=x86-64 -mtune=generic -O2 -pipe -fstack-protector --param=ssp-buffer-size=4'
CPPFLAGS='-D_FORTIFY_SOURCE=2'
CYGPATH_W='echo'
DEFS='-DPACKAGE_NAME=\"Hello\ World\" -DPACKAGE_TARNAME=\"hello-world\" -DPACKAGE_VERSION=\"1.1\" -DPACKAGE_STRING=\"Hello\ World\ 1.1\" -DPACKAGE_BUGREPORT=\"\" -DPACKAGE_URL=\"\"'
DEPDIR='.deps'
ECHO_C=''
ECHO_N='-n'
ECHO_T=''
EXEEXT=''
INSTALL_DATA='${INSTALL} -m 644'
INSTALL_PROGRAM='${INSTALL}'
INSTALL_SCRIPT='${INSTALL}'
INSTALL_STRIP_PROGRAM='$(install_sh) -c -s'
LDFLAGS='-Wl,-O1,--sort-common,--as-needed,-z,relro'
LIBOBJS=''
LIBS=''
LTLIBOBJS=''
MAKEINFO='${SHELL} /media/ernest/Datos/Dev/PKBUILD/Plank-Config/src/Plank-Config-1.1/missing makeinfo'
MKDIR_P='/usr/bin/mkdir -p'
OBJEXT='o'
PACKAGE='hello-world'
PACKAGE_BUGREPORT=''
PACKAGE_NAME='Hello World'
PACKAGE_STRING='Hello World 1.1'
PACKAGE_TARNAME='hello-world'
PACKAGE_URL=''
PACKAGE_VERSION='1.1'
PATH_SEPARATOR=':'
PKG_CONFIG='/usr/bin/pkg-config'
PKG_CONFIG_LIBDIR=''
PKG_CONFIG_PATH=''
SET_MAKE=''
SHELL='/bin/sh'
STRIP=''
VALAC='/usr/bin/valac'
VERSION='1.1'
ac_ct_CC='gcc'
am__EXEEXT_FALSE=''
am__EXEEXT_TRUE='#'
am__fastdepCC_FALSE='#'
am__fastdepCC_TRUE=''
am__include='include'
am__isrc=''
am__leading_dot='.'
am__nodep='_no'
am__quote=''
am__tar='$${TAR-tar} chof - "$$tardir"'
am__untar='$${TAR-tar} xf -'
bindir='${exec_prefix}/bin'
build_alias=''
datadir='${datarootdir}'
datarootdir='${prefix}/share'
docdir='${datarootdir}/doc/${PACKAGE_TARNAME}'
dvidir='${docdir}'
exec_prefix='${prefix}'
gtk_CFLAGS='-pthread -I/usr/include/gtk-3.0 -I/usr/include/at-spi2-atk/2.0 -I/usr/include/gtk-3.0 -I/usr/include/gio-unix-2.0/ -I/usr/include/cairo -I/usr/include/pango-1.0 -I/usr/include/atk-1.0 -I/usr/include/cairo -I/usr/include/pixman-1 -I/usr/include/freetype2 -I/usr/include/libpng16 -I/usr/include/harfbuzz -I/usr/include/freetype2 -I/usr/include/harfbuzz -I/usr/include/libdrm -I/usr/include/libpng16 -I/usr/include/gdk-pixbuf-2.0 -I/usr/include/libpng16 -I/usr/include/glib-2.0 -I/usr/lib/glib-2.0/include '
gtk_LIBS='-lgtk-3 -lgdk-3 -lpangocairo-1.0 -lpango-1.0 -latk-1.0 -lcairo-gobject -lcairo -lgdk_pixbuf-2.0 -lgio-2.0 -lgobject-2.0 -lglib-2.0 '
host_alias=''
htmldir='${docdir}'
includedir='${prefix}/include'
infodir='${datarootdir}/info'
install_sh='${SHELL} /media/ernest/Datos/Dev/PKBUILD/Plank-Config/src/Plank-Config-1.1/install-sh'
libdir='${exec_prefix}/lib'
libexecdir='${exec_prefix}/libexec'
localedir='${datarootdir}/locale'
localstatedir='${prefix}/var'
mandir='${datarootdir}/man'
mkdir_p='$(MKDIR_P)'
oldincludedir='/usr/include'
pdfdir='${docdir}'
prefix='/usr/local'
program_transform_name='s,x,x,'
psdir='${docdir}'
sbindir='${exec_prefix}/sbin'
sharedstatedir='${prefix}/com'
sysconfdir='${prefix}/etc'
target_alias=''

## ----------- ##
## confdefs.h. ##
## ----------- ##

/* confdefs.h */
#define PACKAGE_NAME "Hello World"
#define PACKAGE_TARNAME "hello-world"
#define PACKAGE_VERSION "1.1"
#define PACKAGE_STRING "Hello World 1.1"
#define PACKAGE_BUGREPORT ""
#define PACKAGE_URL ""

configure: exit 0
